<?xml version="1.0" encoding="UTF-8"?>
<!-- Generated by org.testng.reporters.JUnitReportReporter -->
<testsuite hostname="DESKTOP-HE32O0P" name="Test_case.Post_request" tests="1" failures="0" timestamp="31 Dec 2019 10:37:47 GMT" time="6.603" errors="0">
  <testcase name="post_emp_data" time="6.603" classname="Test_case.Post_request"/>
</testsuite> <!-- Test_case.Post_request -->
