<?xml version="1.0" encoding="UTF-8"?>
<!-- Generated by org.testng.reporters.JUnitReportReporter -->
<testsuite hostname="DESKTOP-HE32O0P" name="Test_case.A" tests="1" failures="0" timestamp="31 Dec 2019 08:15:55 GMT" time="0.549" errors="0">
  <testcase name="get_list_user_1" time="0.549" classname="Test_case.A"/>
</testsuite> <!-- Test_case.A -->
