<?xml version="1.0" encoding="UTF-8"?>
<!-- Generated by org.testng.reporters.JUnitReportReporter -->
<testsuite hostname="DESKTOP-HE32O0P" name="Test_case.List_Userr" tests="1" failures="0" timestamp="31 Dec 2019 10:53:50 GMT" time="7.470" errors="0">
  <testcase name="get_list_user" time="7.470" classname="Test_case.List_Userr"/>
</testsuite> <!-- Test_case.List_Userr -->
